<?xml version="1.0" encoding="UTF-8"?>
<!-- Generated by org.testng.reporters.JUnitXMLReporter -->
<testsuite ignored="0" hostname="DESKTOP-R0E149I" failures="1" tests="7" name="Test" time="52.994" errors="0" timestamp="2023-11-06T10:05:58 IST">
  <testcase classname="com.empire.qa.testcases.AddinventorypageTest" name="VerifyAddInventoryTest" time="0.958">
    <failure type="org.testng.internal.reflect.MethodMatcherException" message="
[public void com.empire.qa.testcases.AddinventorypageTest.VerifyAddInventoryTest(java.lang.String,java.lang.String,java.lang.String,java.lang.String,java.lang.String,java.lang.String,java.lang.String,java.lang.String,java.lang.String,java.lang.String,java.lang.String,java.lang.String,java.lang.String,java.lang.String,java.lang.String,java.lang.String,java.lang.String,java.lang.String) throws java.lang.Throwable] has no parameters defined but was found to be using a data provider (either explicitly specified or inherited from class level annotation).
Data provider mismatch
Method: VerifyAddInventoryTest([java.lang.String arg0, java.lang.String arg1, java.lang.String arg2, java.lang.String arg3, java.lang.String arg4, java.lang.String arg5, java.lang.String arg6, java.lang.String arg7, java.lang.String arg8, java.lang.String arg9, java.lang.String arg10, java.lang.String arg11, java.lang.String arg12, java.lang.String arg13, java.lang.String arg14, java.lang.String arg15, java.lang.String arg16, java.lang.String arg17])
Arguments: [(java.lang.String) EMP001,(java.lang.String) EMP001,(java.lang.String) EMP001,(java.lang.String) EMP001,(java.lang.String) EMP001,(java.lang.String) EMP001,(java.lang.String) EMP001,(java.lang.String) EMP001,(java.lang.String) EMP001,(java.lang.String) EMP001,(java.lang.String) EMP001,(java.lang.String) EMP001,(java.lang.String) EMP001,(java.lang.String) EMP001,(java.lang.String) EMP001,(java.lang.String) EMP001,(java.lang.String) EMP001,(java.lang.String) EMP001,(java.lang.String) EMP001,(java.lang.String) EMP001]">
      <![CDATA[org.testng.internal.reflect.MethodMatcherException: 
[public void com.empire.qa.testcases.AddinventorypageTest.VerifyAddInventoryTest(java.lang.String,java.lang.String,java.lang.String,java.lang.String,java.lang.String,java.lang.String,java.lang.String,java.lang.String,java.lang.String,java.lang.String,java.lang.String,java.lang.String,java.lang.String,java.lang.String,java.lang.String,java.lang.String,java.lang.String,java.lang.String) throws java.lang.Throwable] has no parameters defined but was found to be using a data provider (either explicitly specified or inherited from class level annotation).
Data provider mismatch
Method: VerifyAddInventoryTest([java.lang.String arg0, java.lang.String arg1, java.lang.String arg2, java.lang.String arg3, java.lang.String arg4, java.lang.String arg5, java.lang.String arg6, java.lang.String arg7, java.lang.String arg8, java.lang.String arg9, java.lang.String arg10, java.lang.String arg11, java.lang.String arg12, java.lang.String arg13, java.lang.String arg14, java.lang.String arg15, java.lang.String arg16, java.lang.String arg17])
Arguments: [(java.lang.String) EMP001,(java.lang.String) EMP001,(java.lang.String) EMP001,(java.lang.String) EMP001,(java.lang.String) EMP001,(java.lang.String) EMP001,(java.lang.String) EMP001,(java.lang.String) EMP001,(java.lang.String) EMP001,(java.lang.String) EMP001,(java.lang.String) EMP001,(java.lang.String) EMP001,(java.lang.String) EMP001,(java.lang.String) EMP001,(java.lang.String) EMP001,(java.lang.String) EMP001,(java.lang.String) EMP001,(java.lang.String) EMP001,(java.lang.String) EMP001,(java.lang.String) EMP001]
at java.base/java.util.ArrayList.forEach(ArrayList.java:1511)
... Removed 22 stack frames]]>
    </failure>
  </testcase> <!-- VerifyAddInventoryTest -->
  <testcase classname="com.empire.qa.testcases.AddinventorypageTest" name="VerifyaddinventoryTitle" time="0.013"/>
  <testcase classname="com.empire.qa.testcases.LoginpageTest" name="verifyEhomeTitletest" time="0.015"/>
  <testcase classname="com.empire.qa.testcases.LoginpageTest" name="verifyEhomeimageTest" time="0.16"/>
  <testcase classname="com.empire.qa.testcases.LoginpageTest" name="verifyLoginpageTest" time="1.908"/>
  <testcase classname="com.empire.qa.testcases.HomePageTest" name="VerifyEhomepageTitleTest" time="0.012"/>
  <testcase classname="com.empire.qa.testcases.HomePageTest" name="VerifyhomepageTest" time="6.698"/>
</testsuite> <!-- Test -->
